Arguments: 
  /Applications/Hyper.app/Contents/MacOS/Hyper /Applications/Hyper.app/Contents/Resources/bin/yarn-standalone.js install --no-emoji --no-lockfile --cache-folder /Users/ishiishou/.hyper_plugins/cache

PATH: 
  undefined

Yarn version: 
  1.3.2

Node version: 
  10.2.0

Platform: 
  darwin x64

npm manifest: 
  {
    "name": "hyper-plugins",
    "description": "Auto-generated from `~/.hyper.js`!",
    "private": true,
    "version": "0.0.1",
    "repository": "zeit/hyper",
    "license": "MIT",
    "homepage": "https://hyper.is",
    "dependencies": {
      "hyper-material-theme": "latest",
      "Hyper-search": "latest"
    }
  }

yarn manifest: 
  No manifest

Lockfile: 
  No lockfile

Trace: 
  Error: https://registry.yarnpkg.com/Hyper-search: Not found
      at Request.params.callback [as _callback] (/Applications/Hyper.app/Contents/Resources/bin/yarn-standalone.js:65368:18)
      at Request.self.callback (/Applications/Hyper.app/Contents/Resources/bin/yarn-standalone.js:121753:22)
      at Request.emit (events.js:182:13)
      at Request.<anonymous> (/Applications/Hyper.app/Contents/Resources/bin/yarn-standalone.js:122736:10)
      at Request.emit (events.js:182:13)
      at IncomingMessage.<anonymous> (/Applications/Hyper.app/Contents/Resources/bin/yarn-standalone.js:122656:12)
      at Object.onceWrapper (events.js:273:13)
      at IncomingMessage.emit (events.js:187:15)
      at endReadableNT (_stream_readable.js:1090:12)
      at process._tickCallback (internal/process/next_tick.js:63:19)
